<?xml version="1.0" encoding="UTF-8"?>
<testsuite name="org.apache.geode.perftest.yardstick.YardstickTaskTest" tests="1" skipped="0" failures="0" errors="0" timestamp="2018-11-29T18:42:54" hostname="nnag-mbpro" time="4.219">
  <properties/>
  <testcase name="testExecuteBenchmark" classname="org.apache.geode.perftest.yardstick.YardstickTaskTest" time="4.219"/>
  <system-out><![CDATA[<10:42:54><Test worker><yardstick> Framework configuration file was not found: config/benchmark.properties
<10:42:56><Test worker><yardstick> Probe writer is not configured (using default CSV writer)
<10:42:57><Test worker><yardstick> PercentileProbe is started.
<10:42:57><Test worker><yardstick> ThroughputLatencyProbe is started.
<10:42:57><Test worker><yardstick> Starting warmup.
<10:42:57><benchmark-worker-0><yardstick> Starting main test (warmup finished).
<10:42:57><benchmark-worker-0><yardstick> Starting iteration: 25000
<10:42:57><benchmark-worker-0><yardstick> Starting iteration: 50000
<10:42:57><benchmark-worker-0><yardstick> Starting iteration: 75000
<10:42:57><benchmark-worker-0><yardstick> Starting iteration: 100000
<10:42:57><benchmark-worker-0><yardstick> Starting iteration: 125000
<10:42:57><benchmark-worker-0><yardstick> Starting iteration: 150000
<10:42:57><benchmark-worker-0><yardstick> Starting iteration: 175000
<10:42:57><benchmark-worker-0><yardstick> Starting iteration: 200000
<10:42:57><benchmark-worker-0><yardstick> Starting iteration: 225000
<10:42:57><benchmark-worker-0><yardstick> Starting iteration: 250000
<10:42:57><benchmark-worker-0><yardstick> Starting iteration: 275000
<10:42:57><benchmark-worker-0><yardstick> Starting iteration: 300000
<10:42:57><benchmark-worker-0><yardstick> Starting iteration: 325000
<10:42:57><benchmark-worker-0><yardstick> Starting iteration: 350000
<10:42:57><benchmark-worker-0><yardstick> Starting iteration: 375000
<10:42:57><benchmark-worker-0><yardstick> Starting iteration: 400000
<10:42:57><benchmark-worker-0><yardstick> Starting iteration: 425000
<10:42:57><benchmark-worker-0><yardstick> Starting iteration: 450000
<10:42:57><benchmark-worker-0><yardstick> Starting iteration: 475000
<10:42:57><benchmark-worker-0><yardstick> Starting iteration: 500000
<10:42:57><benchmark-worker-0><yardstick> Starting iteration: 525000
<10:42:57><benchmark-worker-0><yardstick> Starting iteration: 550000
<10:42:57><benchmark-worker-0><yardstick> Starting iteration: 575000
<10:42:57><benchmark-worker-0><yardstick> Starting iteration: 600000
<10:42:57><benchmark-worker-0><yardstick> Starting iteration: 625000
<10:42:57><benchmark-worker-0><yardstick> Starting iteration: 650000
<10:42:57><benchmark-worker-0><yardstick> Starting iteration: 675000
<10:42:57><benchmark-worker-0><yardstick> Starting iteration: 700000
<10:42:57><benchmark-worker-0><yardstick> Starting iteration: 725000
<10:42:57><benchmark-worker-0><yardstick> Starting iteration: 750000
<10:42:57><benchmark-worker-0><yardstick> Starting iteration: 775000
<10:42:57><benchmark-worker-0><yardstick> Starting iteration: 800000
<10:42:57><benchmark-worker-0><yardstick> Starting iteration: 825000
<10:42:57><benchmark-worker-0><yardstick> Starting iteration: 850000
<10:42:57><benchmark-worker-0><yardstick> Starting iteration: 875000
<10:42:57><benchmark-worker-0><yardstick> Starting iteration: 900000
<10:42:57><benchmark-worker-0><yardstick> Starting iteration: 925000
<10:42:57><benchmark-worker-0><yardstick> Starting iteration: 950000
<10:42:57><benchmark-worker-0><yardstick> Starting iteration: 975000
<10:42:57><benchmark-worker-0><yardstick> Starting iteration: 1000000
<10:42:57><benchmark-worker-0><yardstick> Starting iteration: 1025000
<10:42:57><benchmark-worker-0><yardstick> Starting iteration: 1050000
<10:42:57><benchmark-worker-0><yardstick> Starting iteration: 1075000
<10:42:57><benchmark-worker-0><yardstick> Starting iteration: 1100000
<10:42:57><benchmark-worker-0><yardstick> Starting iteration: 1125000
<10:42:57><benchmark-worker-0><yardstick> Starting iteration: 1150000
<10:42:57><benchmark-worker-0><yardstick> Starting iteration: 1175000
<10:42:57><benchmark-worker-0><yardstick> Starting iteration: 1200000
<10:42:57><benchmark-worker-0><yardstick> Starting iteration: 1225000
<10:42:57><benchmark-worker-0><yardstick> Starting iteration: 1250000
<10:42:57><benchmark-worker-0><yardstick> Starting iteration: 1275000
<10:42:57><benchmark-worker-0><yardstick> Starting iteration: 1300000
<10:42:57><benchmark-worker-0><yardstick> Starting iteration: 1325000
<10:42:57><benchmark-worker-0><yardstick> Starting iteration: 1350000
<10:42:57><benchmark-worker-0><yardstick> Starting iteration: 1375000
<10:42:57><benchmark-worker-0><yardstick> Starting iteration: 1400000
<10:42:57><benchmark-worker-0><yardstick> Starting iteration: 1425000
<10:42:57><benchmark-worker-0><yardstick> Starting iteration: 1450000
<10:42:57><benchmark-worker-0><yardstick> Starting iteration: 1475000
<10:42:57><benchmark-worker-0><yardstick> Starting iteration: 1500000
<10:42:57><benchmark-worker-0><yardstick> Starting iteration: 1525000
<10:42:57><benchmark-worker-0><yardstick> Starting iteration: 1550000
<10:42:57><benchmark-worker-0><yardstick> Starting iteration: 1575000
<10:42:57><benchmark-worker-0><yardstick> Starting iteration: 1600000
<10:42:57><benchmark-worker-0><yardstick> Starting iteration: 1625000
<10:42:57><benchmark-worker-0><yardstick> Starting iteration: 1650000
<10:42:57><benchmark-worker-0><yardstick> Starting iteration: 1675000
<10:42:57><benchmark-worker-0><yardstick> Starting iteration: 1700000
<10:42:57><benchmark-worker-0><yardstick> Starting iteration: 1725000
<10:42:57><benchmark-worker-0><yardstick> Starting iteration: 1750000
<10:42:57><benchmark-worker-0><yardstick> Starting iteration: 1775000
<10:42:57><benchmark-worker-0><yardstick> Starting iteration: 1800000
<10:42:57><benchmark-worker-0><yardstick> Starting iteration: 1825000
<10:42:57><benchmark-worker-0><yardstick> Starting iteration: 1850000
<10:42:57><benchmark-worker-0><yardstick> Starting iteration: 1875000
<10:42:57><benchmark-worker-0><yardstick> Starting iteration: 1900000
<10:42:57><benchmark-worker-0><yardstick> Starting iteration: 1925000
<10:42:57><benchmark-worker-0><yardstick> Starting iteration: 1950000
<10:42:57><benchmark-worker-0><yardstick> Starting iteration: 1975000
<10:42:57><benchmark-worker-0><yardstick> Starting iteration: 2000000
<10:42:57><benchmark-worker-0><yardstick> Starting iteration: 2025000
<10:42:57><benchmark-worker-0><yardstick> Starting iteration: 2050000
<10:42:57><benchmark-worker-0><yardstick> Starting iteration: 2075000
<10:42:58><benchmark-worker-0><yardstick> Starting iteration: 2100000
<10:42:58><benchmark-worker-0><yardstick> Starting iteration: 2125000
<10:42:58><benchmark-worker-0><yardstick> Starting iteration: 2150000
<10:42:58><probe-dump-thread><yardstick> DStatProbe results will be saved to: /var/folders/zw/j26m_tp947j9vtmhkx648d7r0000gn/T/junit188829594054409209/junit5307390505830820805
<10:42:58><probe-dump-thread><yardstick> TestDoneProbe results will be saved to: /var/folders/zw/j26m_tp947j9vtmhkx648d7r0000gn/T/junit188829594054409209/junit5307390505830820805
<10:42:58><probe-dump-thread><yardstick> ThroughputLatencyProbe results will be saved to: /var/folders/zw/j26m_tp947j9vtmhkx648d7r0000gn/T/junit188829594054409209/junit5307390505830820805
<10:42:58><probe-dump-thread><yardstick> VmStatProbe results will be saved to: /var/folders/zw/j26m_tp947j9vtmhkx648d7r0000gn/T/junit188829594054409209/junit5307390505830820805
<10:42:58><benchmark-worker-0><yardstick> Starting iteration: 2175000
<10:42:58><benchmark-worker-0><yardstick> Starting iteration: 2200000
<10:42:58><benchmark-worker-0><yardstick> Starting iteration: 2225000
<10:42:58><benchmark-worker-0><yardstick> Starting iteration: 2250000
<10:42:58><benchmark-worker-0><yardstick> Starting iteration: 2275000
<10:42:58><benchmark-worker-0><yardstick> Starting iteration: 2300000
<10:42:58><benchmark-worker-0><yardstick> Starting iteration: 2325000
<10:42:58><benchmark-worker-0><yardstick> Starting iteration: 2350000
<10:42:58><benchmark-worker-0><yardstick> Starting iteration: 2375000
<10:42:58><benchmark-worker-0><yardstick> Starting iteration: 2400000
<10:42:58><benchmark-worker-0><yardstick> Starting iteration: 2425000
<10:42:58><benchmark-worker-0><yardstick> Starting iteration: 2450000
<10:42:58><benchmark-worker-0><yardstick> Starting iteration: 2475000
<10:42:58><benchmark-worker-0><yardstick> Starting iteration: 2500000
<10:42:58><benchmark-worker-0><yardstick> Starting iteration: 2525000
<10:42:58><benchmark-worker-0><yardstick> Starting iteration: 2550000
<10:42:58><benchmark-worker-0><yardstick> Starting iteration: 2575000
<10:42:58><benchmark-worker-0><yardstick> Starting iteration: 2600000
<10:42:58><benchmark-worker-0><yardstick> Starting iteration: 2625000
<10:42:58><benchmark-worker-0><yardstick> Starting iteration: 2650000
<10:42:58><benchmark-worker-0><yardstick> Starting iteration: 2675000
<10:42:58><benchmark-worker-0><yardstick> Starting iteration: 2700000
<10:42:58><benchmark-worker-0><yardstick> Starting iteration: 2725000
<10:42:58><benchmark-worker-0><yardstick> Starting iteration: 2750000
<10:42:58><benchmark-worker-0><yardstick> Starting iteration: 2775000
<10:42:58><benchmark-worker-0><yardstick> Starting iteration: 2800000
<10:42:58><benchmark-worker-0><yardstick> Starting iteration: 2825000
<10:42:58><benchmark-worker-0><yardstick> Starting iteration: 2850000
<10:42:58><benchmark-worker-0><yardstick> Starting iteration: 2875000
<10:42:58><benchmark-worker-0><yardstick> Starting iteration: 2900000
<10:42:58><benchmark-worker-0><yardstick> Starting iteration: 2925000
<10:42:58><benchmark-worker-0><yardstick> Starting iteration: 2950000
<10:42:58><benchmark-worker-0><yardstick> Starting iteration: 2975000
<10:42:58><benchmark-worker-0><yardstick> Starting iteration: 3000000
<10:42:58><benchmark-worker-0><yardstick> Starting iteration: 3025000
<10:42:58><benchmark-worker-0><yardstick> Starting iteration: 3050000
<10:42:58><benchmark-worker-0><yardstick> Starting iteration: 3075000
<10:42:58><benchmark-worker-0><yardstick> Starting iteration: 3100000
<10:42:58><benchmark-worker-0><yardstick> Starting iteration: 3125000
<10:42:58><benchmark-worker-0><yardstick> Starting iteration: 3150000
<10:42:58><benchmark-worker-0><yardstick> Starting iteration: 3175000
<10:42:58><benchmark-worker-0><yardstick> Starting iteration: 3200000
<10:42:58><benchmark-worker-0><yardstick> Starting iteration: 3225000
<10:42:58><benchmark-worker-0><yardstick> Starting iteration: 3250000
<10:42:58><benchmark-worker-0><yardstick> Starting iteration: 3275000
<10:42:58><benchmark-worker-0><yardstick> Starting iteration: 3300000
<10:42:58><benchmark-worker-0><yardstick> Starting iteration: 3325000
<10:42:58><benchmark-worker-0><yardstick> Starting iteration: 3350000
<10:42:58><benchmark-worker-0><yardstick> Starting iteration: 3375000
<10:42:58><benchmark-worker-0><yardstick> Starting iteration: 3400000
<10:42:58><benchmark-worker-0><yardstick> Starting iteration: 3425000
<10:42:58><benchmark-worker-0><yardstick> Starting iteration: 3450000
<10:42:58><benchmark-worker-0><yardstick> Starting iteration: 3475000
<10:42:58><benchmark-worker-0><yardstick> Starting iteration: 3500000
<10:42:58><benchmark-worker-0><yardstick> Starting iteration: 3525000
<10:42:58><benchmark-worker-0><yardstick> Starting iteration: 3550000
<10:42:58><benchmark-worker-0><yardstick> Starting iteration: 3575000
<10:42:58><benchmark-worker-0><yardstick> Starting iteration: 3600000
<10:42:58><benchmark-worker-0><yardstick> Starting iteration: 3625000
<10:42:58><benchmark-worker-0><yardstick> Starting iteration: 3650000
<10:42:58><benchmark-worker-0><yardstick> Starting iteration: 3675000
<10:42:58><benchmark-worker-0><yardstick> Starting iteration: 3700000
<10:42:58><benchmark-worker-0><yardstick> Starting iteration: 3725000
<10:42:58><benchmark-worker-0><yardstick> Starting iteration: 3750000
<10:42:58><benchmark-worker-0><yardstick> Starting iteration: 3775000
<10:42:58><benchmark-worker-0><yardstick> Starting iteration: 3800000
<10:42:58><benchmark-worker-0><yardstick> Starting iteration: 3825000
<10:42:58><benchmark-worker-0><yardstick> Starting iteration: 3850000
<10:42:58><benchmark-worker-0><yardstick> Starting iteration: 3875000
<10:42:58><benchmark-worker-0><yardstick> Starting iteration: 3900000
<10:42:58><benchmark-worker-0><yardstick> Starting iteration: 3925000
<10:42:58><benchmark-worker-0><yardstick> Starting iteration: 3950000
<10:42:58><benchmark-worker-0><yardstick> Starting iteration: 3975000
<10:42:58><benchmark-worker-0><yardstick> Starting iteration: 4000000
<10:42:58><benchmark-worker-0><yardstick> Starting iteration: 4025000
<10:42:58><benchmark-worker-0><yardstick> Starting iteration: 4050000
<10:42:58><benchmark-worker-0><yardstick> Starting iteration: 4075000
<10:42:58><benchmark-worker-0><yardstick> Starting iteration: 4100000
<10:42:58><benchmark-worker-0><yardstick> Starting iteration: 4125000
<10:42:58><benchmark-worker-0><yardstick> Starting iteration: 4150000
<10:42:58><benchmark-worker-0><yardstick> Starting iteration: 4175000
<10:42:58><benchmark-worker-0><yardstick> Starting iteration: 4200000
<10:42:58><benchmark-worker-0><yardstick> Starting iteration: 4225000
<10:42:58><benchmark-worker-0><yardstick> Starting iteration: 4250000
<10:42:58><benchmark-worker-0><yardstick> Starting iteration: 4275000
<10:42:58><benchmark-worker-0><yardstick> Starting iteration: 4300000
<10:42:58><benchmark-worker-0><yardstick> Starting iteration: 4325000
<10:42:58><benchmark-worker-0><yardstick> Starting iteration: 4350000
<10:42:58><benchmark-worker-0><yardstick> Starting iteration: 4375000
<10:42:58><benchmark-worker-0><yardstick> Starting iteration: 4400000
<10:42:58><benchmark-worker-0><yardstick> Starting iteration: 4425000
<10:42:58><benchmark-worker-0><yardstick> Starting iteration: 4450000
<10:42:58><benchmark-worker-0><yardstick> Starting iteration: 4475000
<10:42:59><benchmark-worker-0><yardstick> Starting iteration: 4500000
<10:42:59><benchmark-worker-0><yardstick> Starting iteration: 4525000
Finishing main test [ts=1543516979021, date=Thu Nov 29 10:42:59 PST 2018]
<10:42:59><probe-dump-thread><yardstick> HdrHistogramProbe results will be saved to: /var/folders/zw/j26m_tp947j9vtmhkx648d7r0000gn/T/junit188829594054409209/junit5307390505830820805
<10:42:59><probe-dump-thread><yardstick> PercentileProbe results will be saved to: /var/folders/zw/j26m_tp947j9vtmhkx648d7r0000gn/T/junit188829594054409209/junit5307390505830820805
<10:42:59><Thread-5><yardstick> DStatProbe is stopped.
<10:42:59><Thread-5><yardstick> PercentileProbe is stopped.
<10:42:59><Thread-5><yardstick> ThroughputLatencyProbe is stopped.
<10:42:59><Thread-5><yardstick> VmStatProbe is stopped.
]]></system-out>
  <system-err><![CDATA[[Test worker] WARN org.reflections.Reflections - could not create Dir using directory from url file:/Users/nnag/Development/geode-benchmarks/harness/build/resources/main. skipping.
java.lang.RuntimeException: cannot use dir null
	at org.reflections.vfs.SystemDir.<init>(SystemDir.java:20)
	at org.reflections.vfs.Vfs$DefaultUrlTypes$3.createDir(Vfs.java:237)
	at org.reflections.vfs.Vfs.fromURL(Vfs.java:99)
	at org.reflections.vfs.Vfs.fromURL(Vfs.java:91)
	at org.reflections.Reflections.scan(Reflections.java:231)
	at org.reflections.Reflections.scan(Reflections.java:204)
	at org.reflections.Reflections.<init>(Reflections.java:129)
	at org.reflections.Reflections.<init>(Reflections.java:170)
	at org.yardstickframework.impl.BenchmarkLoader.initialize(BenchmarkLoader.java:99)
	at org.apache.geode.perftest.yardstick.YardstickTask.run(YardstickTask.java:99)
	at org.apache.geode.perftest.yardstick.YardstickTaskTest.testExecuteBenchmark(YardstickTaskTest.java:50)
	at sun.reflect.NativeMethodAccessorImpl.invoke0(Native Method)
	at sun.reflect.NativeMethodAccessorImpl.invoke(NativeMethodAccessorImpl.java:62)
	at sun.reflect.DelegatingMethodAccessorImpl.invoke(DelegatingMethodAccessorImpl.java:43)
	at java.lang.reflect.Method.invoke(Method.java:498)
	at org.junit.runners.model.FrameworkMethod$1.runReflectiveCall(FrameworkMethod.java:50)
	at org.junit.internal.runners.model.ReflectiveCallable.run(ReflectiveCallable.java:12)
	at org.junit.runners.model.FrameworkMethod.invokeExplosively(FrameworkMethod.java:47)
	at org.junit.internal.runners.statements.InvokeMethod.evaluate(InvokeMethod.java:17)
	at org.junit.rules.ExternalResource$1.evaluate(ExternalResource.java:48)
	at org.junit.rules.RunRules.evaluate(RunRules.java:20)
	at org.junit.runners.ParentRunner.runLeaf(ParentRunner.java:325)
	at org.junit.runners.BlockJUnit4ClassRunner.runChild(BlockJUnit4ClassRunner.java:78)
	at org.junit.runners.BlockJUnit4ClassRunner.runChild(BlockJUnit4ClassRunner.java:57)
	at org.junit.runners.ParentRunner$3.run(ParentRunner.java:290)
	at org.junit.runners.ParentRunner$1.schedule(ParentRunner.java:71)
	at org.junit.runners.ParentRunner.runChildren(ParentRunner.java:288)
	at org.junit.runners.ParentRunner.access$000(ParentRunner.java:58)
	at org.junit.runners.ParentRunner$2.evaluate(ParentRunner.java:268)
	at org.junit.runners.ParentRunner.run(ParentRunner.java:363)
	at org.gradle.api.internal.tasks.testing.junit.JUnitTestClassExecutor.runTestClass(JUnitTestClassExecutor.java:106)
	at org.gradle.api.internal.tasks.testing.junit.JUnitTestClassExecutor.execute(JUnitTestClassExecutor.java:58)
	at org.gradle.api.internal.tasks.testing.junit.JUnitTestClassExecutor.execute(JUnitTestClassExecutor.java:38)
	at org.gradle.api.internal.tasks.testing.junit.AbstractJUnitTestClassProcessor.processTestClass(AbstractJUnitTestClassProcessor.java:66)
	at org.gradle.api.internal.tasks.testing.SuiteTestClassProcessor.processTestClass(SuiteTestClassProcessor.java:51)
	at sun.reflect.NativeMethodAccessorImpl.invoke0(Native Method)
	at sun.reflect.NativeMethodAccessorImpl.invoke(NativeMethodAccessorImpl.java:62)
	at sun.reflect.DelegatingMethodAccessorImpl.invoke(DelegatingMethodAccessorImpl.java:43)
	at java.lang.reflect.Method.invoke(Method.java:498)
	at org.gradle.internal.dispatch.ReflectionDispatch.dispatch(ReflectionDispatch.java:35)
	at org.gradle.internal.dispatch.ReflectionDispatch.dispatch(ReflectionDispatch.java:24)
	at org.gradle.internal.dispatch.ContextClassLoaderDispatch.dispatch(ContextClassLoaderDispatch.java:32)
	at org.gradle.internal.dispatch.ProxyDispatchAdapter$DispatchingInvocationHandler.invoke(ProxyDispatchAdapter.java:93)
	at com.sun.proxy.$Proxy2.processTestClass(Unknown Source)
	at org.gradle.api.internal.tasks.testing.worker.TestWorker.processTestClass(TestWorker.java:117)
	at sun.reflect.NativeMethodAccessorImpl.invoke0(Native Method)
	at sun.reflect.NativeMethodAccessorImpl.invoke(NativeMethodAccessorImpl.java:62)
	at sun.reflect.DelegatingMethodAccessorImpl.invoke(DelegatingMethodAccessorImpl.java:43)
	at java.lang.reflect.Method.invoke(Method.java:498)
	at org.gradle.internal.dispatch.ReflectionDispatch.dispatch(ReflectionDispatch.java:35)
	at org.gradle.internal.dispatch.ReflectionDispatch.dispatch(ReflectionDispatch.java:24)
	at org.gradle.internal.remote.internal.hub.MessageHubBackedObjectConnection$DispatchWrapper.dispatch(MessageHubBackedObjectConnection.java:155)
	at org.gradle.internal.remote.internal.hub.MessageHubBackedObjectConnection$DispatchWrapper.dispatch(MessageHubBackedObjectConnection.java:137)
	at org.gradle.internal.remote.internal.hub.MessageHub$Handler.run(MessageHub.java:404)
	at org.gradle.internal.concurrent.ExecutorPolicy$CatchAndRecordFailures.onExecute(ExecutorPolicy.java:63)
	at org.gradle.internal.concurrent.ManagedExecutorImpl$1.run(ManagedExecutorImpl.java:46)
	at java.util.concurrent.ThreadPoolExecutor.runWorker(ThreadPoolExecutor.java:1149)
	at java.util.concurrent.ThreadPoolExecutor$Worker.run(ThreadPoolExecutor.java:624)
	at org.gradle.internal.concurrent.ThreadFactoryImpl$ManagedThreadRunnable.run(ThreadFactoryImpl.java:55)
	at java.lang.Thread.run(Thread.java:748)
[Test worker] WARN org.reflections.Reflections - could not create Vfs.Dir from url. ignoring the exception and continuing
org.reflections.ReflectionsException: could not create Vfs.Dir from url, no matching UrlType was found [file:/Users/nnag/Development/geode-benchmarks/harness/build/resources/main]
either use fromURL(final URL url, final List<UrlType> urlTypes) or use the static setDefaultURLTypes(final List<UrlType> urlTypes) or addDefaultURLTypes(UrlType urlType) with your specialized UrlType.
	at org.reflections.vfs.Vfs.fromURL(Vfs.java:109)
	at org.reflections.vfs.Vfs.fromURL(Vfs.java:91)
	at org.reflections.Reflections.scan(Reflections.java:231)
	at org.reflections.Reflections.scan(Reflections.java:204)
	at org.reflections.Reflections.<init>(Reflections.java:129)
	at org.reflections.Reflections.<init>(Reflections.java:170)
	at org.yardstickframework.impl.BenchmarkLoader.initialize(BenchmarkLoader.java:99)
	at org.apache.geode.perftest.yardstick.YardstickTask.run(YardstickTask.java:99)
	at org.apache.geode.perftest.yardstick.YardstickTaskTest.testExecuteBenchmark(YardstickTaskTest.java:50)
	at sun.reflect.NativeMethodAccessorImpl.invoke0(Native Method)
	at sun.reflect.NativeMethodAccessorImpl.invoke(NativeMethodAccessorImpl.java:62)
	at sun.reflect.DelegatingMethodAccessorImpl.invoke(DelegatingMethodAccessorImpl.java:43)
	at java.lang.reflect.Method.invoke(Method.java:498)
	at org.junit.runners.model.FrameworkMethod$1.runReflectiveCall(FrameworkMethod.java:50)
	at org.junit.internal.runners.model.ReflectiveCallable.run(ReflectiveCallable.java:12)
	at org.junit.runners.model.FrameworkMethod.invokeExplosively(FrameworkMethod.java:47)
	at org.junit.internal.runners.statements.InvokeMethod.evaluate(InvokeMethod.java:17)
	at org.junit.rules.ExternalResource$1.evaluate(ExternalResource.java:48)
	at org.junit.rules.RunRules.evaluate(RunRules.java:20)
	at org.junit.runners.ParentRunner.runLeaf(ParentRunner.java:325)
	at org.junit.runners.BlockJUnit4ClassRunner.runChild(BlockJUnit4ClassRunner.java:78)
	at org.junit.runners.BlockJUnit4ClassRunner.runChild(BlockJUnit4ClassRunner.java:57)
	at org.junit.runners.ParentRunner$3.run(ParentRunner.java:290)
	at org.junit.runners.ParentRunner$1.schedule(ParentRunner.java:71)
	at org.junit.runners.ParentRunner.runChildren(ParentRunner.java:288)
	at org.junit.runners.ParentRunner.access$000(ParentRunner.java:58)
	at org.junit.runners.ParentRunner$2.evaluate(ParentRunner.java:268)
	at org.junit.runners.ParentRunner.run(ParentRunner.java:363)
	at org.gradle.api.internal.tasks.testing.junit.JUnitTestClassExecutor.runTestClass(JUnitTestClassExecutor.java:106)
	at org.gradle.api.internal.tasks.testing.junit.JUnitTestClassExecutor.execute(JUnitTestClassExecutor.java:58)
	at org.gradle.api.internal.tasks.testing.junit.JUnitTestClassExecutor.execute(JUnitTestClassExecutor.java:38)
	at org.gradle.api.internal.tasks.testing.junit.AbstractJUnitTestClassProcessor.processTestClass(AbstractJUnitTestClassProcessor.java:66)
	at org.gradle.api.internal.tasks.testing.SuiteTestClassProcessor.processTestClass(SuiteTestClassProcessor.java:51)
	at sun.reflect.NativeMethodAccessorImpl.invoke0(Native Method)
	at sun.reflect.NativeMethodAccessorImpl.invoke(NativeMethodAccessorImpl.java:62)
	at sun.reflect.DelegatingMethodAccessorImpl.invoke(DelegatingMethodAccessorImpl.java:43)
	at java.lang.reflect.Method.invoke(Method.java:498)
	at org.gradle.internal.dispatch.ReflectionDispatch.dispatch(ReflectionDispatch.java:35)
	at org.gradle.internal.dispatch.ReflectionDispatch.dispatch(ReflectionDispatch.java:24)
	at org.gradle.internal.dispatch.ContextClassLoaderDispatch.dispatch(ContextClassLoaderDispatch.java:32)
	at org.gradle.internal.dispatch.ProxyDispatchAdapter$DispatchingInvocationHandler.invoke(ProxyDispatchAdapter.java:93)
	at com.sun.proxy.$Proxy2.processTestClass(Unknown Source)
	at org.gradle.api.internal.tasks.testing.worker.TestWorker.processTestClass(TestWorker.java:117)
	at sun.reflect.NativeMethodAccessorImpl.invoke0(Native Method)
	at sun.reflect.NativeMethodAccessorImpl.invoke(NativeMethodAccessorImpl.java:62)
	at sun.reflect.DelegatingMethodAccessorImpl.invoke(DelegatingMethodAccessorImpl.java:43)
	at java.lang.reflect.Method.invoke(Method.java:498)
	at org.gradle.internal.dispatch.ReflectionDispatch.dispatch(ReflectionDispatch.java:35)
	at org.gradle.internal.dispatch.ReflectionDispatch.dispatch(ReflectionDispatch.java:24)
	at org.gradle.internal.remote.internal.hub.MessageHubBackedObjectConnection$DispatchWrapper.dispatch(MessageHubBackedObjectConnection.java:155)
	at org.gradle.internal.remote.internal.hub.MessageHubBackedObjectConnection$DispatchWrapper.dispatch(MessageHubBackedObjectConnection.java:137)
	at org.gradle.internal.remote.internal.hub.MessageHub$Handler.run(MessageHub.java:404)
	at org.gradle.internal.concurrent.ExecutorPolicy$CatchAndRecordFailures.onExecute(ExecutorPolicy.java:63)
	at org.gradle.internal.concurrent.ManagedExecutorImpl$1.run(ManagedExecutorImpl.java:46)
	at java.util.concurrent.ThreadPoolExecutor.runWorker(ThreadPoolExecutor.java:1149)
	at java.util.concurrent.ThreadPoolExecutor$Worker.run(ThreadPoolExecutor.java:624)
	at org.gradle.internal.concurrent.ThreadFactoryImpl$ManagedThreadRunnable.run(ThreadFactoryImpl.java:55)
	at java.lang.Thread.run(Thread.java:748)
[Test worker] WARN org.reflections.Reflections - could not create Dir using directory from url file:/Users/nnag/Development/geode-benchmarks/harness/build/resources/test. skipping.
java.lang.RuntimeException: cannot use dir null
	at org.reflections.vfs.SystemDir.<init>(SystemDir.java:20)
	at org.reflections.vfs.Vfs$DefaultUrlTypes$3.createDir(Vfs.java:237)
	at org.reflections.vfs.Vfs.fromURL(Vfs.java:99)
	at org.reflections.vfs.Vfs.fromURL(Vfs.java:91)
	at org.reflections.Reflections.scan(Reflections.java:231)
	at org.reflections.Reflections.scan(Reflections.java:204)
	at org.reflections.Reflections.<init>(Reflections.java:129)
	at org.reflections.Reflections.<init>(Reflections.java:170)
	at org.yardstickframework.impl.BenchmarkLoader.initialize(BenchmarkLoader.java:99)
	at org.apache.geode.perftest.yardstick.YardstickTask.run(YardstickTask.java:99)
	at org.apache.geode.perftest.yardstick.YardstickTaskTest.testExecuteBenchmark(YardstickTaskTest.java:50)
	at sun.reflect.NativeMethodAccessorImpl.invoke0(Native Method)
	at sun.reflect.NativeMethodAccessorImpl.invoke(NativeMethodAccessorImpl.java:62)
	at sun.reflect.DelegatingMethodAccessorImpl.invoke(DelegatingMethodAccessorImpl.java:43)
	at java.lang.reflect.Method.invoke(Method.java:498)
	at org.junit.runners.model.FrameworkMethod$1.runReflectiveCall(FrameworkMethod.java:50)
	at org.junit.internal.runners.model.ReflectiveCallable.run(ReflectiveCallable.java:12)
	at org.junit.runners.model.FrameworkMethod.invokeExplosively(FrameworkMethod.java:47)
	at org.junit.internal.runners.statements.InvokeMethod.evaluate(InvokeMethod.java:17)
	at org.junit.rules.ExternalResource$1.evaluate(ExternalResource.java:48)
	at org.junit.rules.RunRules.evaluate(RunRules.java:20)
	at org.junit.runners.ParentRunner.runLeaf(ParentRunner.java:325)
	at org.junit.runners.BlockJUnit4ClassRunner.runChild(BlockJUnit4ClassRunner.java:78)
	at org.junit.runners.BlockJUnit4ClassRunner.runChild(BlockJUnit4ClassRunner.java:57)
	at org.junit.runners.ParentRunner$3.run(ParentRunner.java:290)
	at org.junit.runners.ParentRunner$1.schedule(ParentRunner.java:71)
	at org.junit.runners.ParentRunner.runChildren(ParentRunner.java:288)
	at org.junit.runners.ParentRunner.access$000(ParentRunner.java:58)
	at org.junit.runners.ParentRunner$2.evaluate(ParentRunner.java:268)
	at org.junit.runners.ParentRunner.run(ParentRunner.java:363)
	at org.gradle.api.internal.tasks.testing.junit.JUnitTestClassExecutor.runTestClass(JUnitTestClassExecutor.java:106)
	at org.gradle.api.internal.tasks.testing.junit.JUnitTestClassExecutor.execute(JUnitTestClassExecutor.java:58)
	at org.gradle.api.internal.tasks.testing.junit.JUnitTestClassExecutor.execute(JUnitTestClassExecutor.java:38)
	at org.gradle.api.internal.tasks.testing.junit.AbstractJUnitTestClassProcessor.processTestClass(AbstractJUnitTestClassProcessor.java:66)
	at org.gradle.api.internal.tasks.testing.SuiteTestClassProcessor.processTestClass(SuiteTestClassProcessor.java:51)
	at sun.reflect.NativeMethodAccessorImpl.invoke0(Native Method)
	at sun.reflect.NativeMethodAccessorImpl.invoke(NativeMethodAccessorImpl.java:62)
	at sun.reflect.DelegatingMethodAccessorImpl.invoke(DelegatingMethodAccessorImpl.java:43)
	at java.lang.reflect.Method.invoke(Method.java:498)
	at org.gradle.internal.dispatch.ReflectionDispatch.dispatch(ReflectionDispatch.java:35)
	at org.gradle.internal.dispatch.ReflectionDispatch.dispatch(ReflectionDispatch.java:24)
	at org.gradle.internal.dispatch.ContextClassLoaderDispatch.dispatch(ContextClassLoaderDispatch.java:32)
	at org.gradle.internal.dispatch.ProxyDispatchAdapter$DispatchingInvocationHandler.invoke(ProxyDispatchAdapter.java:93)
	at com.sun.proxy.$Proxy2.processTestClass(Unknown Source)
	at org.gradle.api.internal.tasks.testing.worker.TestWorker.processTestClass(TestWorker.java:117)
	at sun.reflect.NativeMethodAccessorImpl.invoke0(Native Method)
	at sun.reflect.NativeMethodAccessorImpl.invoke(NativeMethodAccessorImpl.java:62)
	at sun.reflect.DelegatingMethodAccessorImpl.invoke(DelegatingMethodAccessorImpl.java:43)
	at java.lang.reflect.Method.invoke(Method.java:498)
	at org.gradle.internal.dispatch.ReflectionDispatch.dispatch(ReflectionDispatch.java:35)
	at org.gradle.internal.dispatch.ReflectionDispatch.dispatch(ReflectionDispatch.java:24)
	at org.gradle.internal.remote.internal.hub.MessageHubBackedObjectConnection$DispatchWrapper.dispatch(MessageHubBackedObjectConnection.java:155)
	at org.gradle.internal.remote.internal.hub.MessageHubBackedObjectConnection$DispatchWrapper.dispatch(MessageHubBackedObjectConnection.java:137)
	at org.gradle.internal.remote.internal.hub.MessageHub$Handler.run(MessageHub.java:404)
	at org.gradle.internal.concurrent.ExecutorPolicy$CatchAndRecordFailures.onExecute(ExecutorPolicy.java:63)
	at org.gradle.internal.concurrent.ManagedExecutorImpl$1.run(ManagedExecutorImpl.java:46)
	at java.util.concurrent.ThreadPoolExecutor.runWorker(ThreadPoolExecutor.java:1149)
	at java.util.concurrent.ThreadPoolExecutor$Worker.run(ThreadPoolExecutor.java:624)
	at org.gradle.internal.concurrent.ThreadFactoryImpl$ManagedThreadRunnable.run(ThreadFactoryImpl.java:55)
	at java.lang.Thread.run(Thread.java:748)
[Test worker] WARN org.reflections.Reflections - could not create Vfs.Dir from url. ignoring the exception and continuing
org.reflections.ReflectionsException: could not create Vfs.Dir from url, no matching UrlType was found [file:/Users/nnag/Development/geode-benchmarks/harness/build/resources/test]
either use fromURL(final URL url, final List<UrlType> urlTypes) or use the static setDefaultURLTypes(final List<UrlType> urlTypes) or addDefaultURLTypes(UrlType urlType) with your specialized UrlType.
	at org.reflections.vfs.Vfs.fromURL(Vfs.java:109)
	at org.reflections.vfs.Vfs.fromURL(Vfs.java:91)
	at org.reflections.Reflections.scan(Reflections.java:231)
	at org.reflections.Reflections.scan(Reflections.java:204)
	at org.reflections.Reflections.<init>(Reflections.java:129)
	at org.reflections.Reflections.<init>(Reflections.java:170)
	at org.yardstickframework.impl.BenchmarkLoader.initialize(BenchmarkLoader.java:99)
	at org.apache.geode.perftest.yardstick.YardstickTask.run(YardstickTask.java:99)
	at org.apache.geode.perftest.yardstick.YardstickTaskTest.testExecuteBenchmark(YardstickTaskTest.java:50)
	at sun.reflect.NativeMethodAccessorImpl.invoke0(Native Method)
	at sun.reflect.NativeMethodAccessorImpl.invoke(NativeMethodAccessorImpl.java:62)
	at sun.reflect.DelegatingMethodAccessorImpl.invoke(DelegatingMethodAccessorImpl.java:43)
	at java.lang.reflect.Method.invoke(Method.java:498)
	at org.junit.runners.model.FrameworkMethod$1.runReflectiveCall(FrameworkMethod.java:50)
	at org.junit.internal.runners.model.ReflectiveCallable.run(ReflectiveCallable.java:12)
	at org.junit.runners.model.FrameworkMethod.invokeExplosively(FrameworkMethod.java:47)
	at org.junit.internal.runners.statements.InvokeMethod.evaluate(InvokeMethod.java:17)
	at org.junit.rules.ExternalResource$1.evaluate(ExternalResource.java:48)
	at org.junit.rules.RunRules.evaluate(RunRules.java:20)
	at org.junit.runners.ParentRunner.runLeaf(ParentRunner.java:325)
	at org.junit.runners.BlockJUnit4ClassRunner.runChild(BlockJUnit4ClassRunner.java:78)
	at org.junit.runners.BlockJUnit4ClassRunner.runChild(BlockJUnit4ClassRunner.java:57)
	at org.junit.runners.ParentRunner$3.run(ParentRunner.java:290)
	at org.junit.runners.ParentRunner$1.schedule(ParentRunner.java:71)
	at org.junit.runners.ParentRunner.runChildren(ParentRunner.java:288)
	at org.junit.runners.ParentRunner.access$000(ParentRunner.java:58)
	at org.junit.runners.ParentRunner$2.evaluate(ParentRunner.java:268)
	at org.junit.runners.ParentRunner.run(ParentRunner.java:363)
	at org.gradle.api.internal.tasks.testing.junit.JUnitTestClassExecutor.runTestClass(JUnitTestClassExecutor.java:106)
	at org.gradle.api.internal.tasks.testing.junit.JUnitTestClassExecutor.execute(JUnitTestClassExecutor.java:58)
	at org.gradle.api.internal.tasks.testing.junit.JUnitTestClassExecutor.execute(JUnitTestClassExecutor.java:38)
	at org.gradle.api.internal.tasks.testing.junit.AbstractJUnitTestClassProcessor.processTestClass(AbstractJUnitTestClassProcessor.java:66)
	at org.gradle.api.internal.tasks.testing.SuiteTestClassProcessor.processTestClass(SuiteTestClassProcessor.java:51)
	at sun.reflect.NativeMethodAccessorImpl.invoke0(Native Method)
	at sun.reflect.NativeMethodAccessorImpl.invoke(NativeMethodAccessorImpl.java:62)
	at sun.reflect.DelegatingMethodAccessorImpl.invoke(DelegatingMethodAccessorImpl.java:43)
	at java.lang.reflect.Method.invoke(Method.java:498)
	at org.gradle.internal.dispatch.ReflectionDispatch.dispatch(ReflectionDispatch.java:35)
	at org.gradle.internal.dispatch.ReflectionDispatch.dispatch(ReflectionDispatch.java:24)
	at org.gradle.internal.dispatch.ContextClassLoaderDispatch.dispatch(ContextClassLoaderDispatch.java:32)
	at org.gradle.internal.dispatch.ProxyDispatchAdapter$DispatchingInvocationHandler.invoke(ProxyDispatchAdapter.java:93)
	at com.sun.proxy.$Proxy2.processTestClass(Unknown Source)
	at org.gradle.api.internal.tasks.testing.worker.TestWorker.processTestClass(TestWorker.java:117)
	at sun.reflect.NativeMethodAccessorImpl.invoke0(Native Method)
	at sun.reflect.NativeMethodAccessorImpl.invoke(NativeMethodAccessorImpl.java:62)
	at sun.reflect.DelegatingMethodAccessorImpl.invoke(DelegatingMethodAccessorImpl.java:43)
	at java.lang.reflect.Method.invoke(Method.java:498)
	at org.gradle.internal.dispatch.ReflectionDispatch.dispatch(ReflectionDispatch.java:35)
	at org.gradle.internal.dispatch.ReflectionDispatch.dispatch(ReflectionDispatch.java:24)
	at org.gradle.internal.remote.internal.hub.MessageHubBackedObjectConnection$DispatchWrapper.dispatch(MessageHubBackedObjectConnection.java:155)
	at org.gradle.internal.remote.internal.hub.MessageHubBackedObjectConnection$DispatchWrapper.dispatch(MessageHubBackedObjectConnection.java:137)
	at org.gradle.internal.remote.internal.hub.MessageHub$Handler.run(MessageHub.java:404)
	at org.gradle.internal.concurrent.ExecutorPolicy$CatchAndRecordFailures.onExecute(ExecutorPolicy.java:63)
	at org.gradle.internal.concurrent.ManagedExecutorImpl$1.run(ManagedExecutorImpl.java:46)
	at java.util.concurrent.ThreadPoolExecutor.runWorker(ThreadPoolExecutor.java:1149)
	at java.util.concurrent.ThreadPoolExecutor$Worker.run(ThreadPoolExecutor.java:624)
	at org.gradle.internal.concurrent.ThreadFactoryImpl$ManagedThreadRunnable.run(ThreadFactoryImpl.java:55)
	at java.lang.Thread.run(Thread.java:748)
[Test worker] INFO org.reflections.Reflections - Reflections took 2108 ms to scan 42 urls, producing 3857 keys and 20668 values 
ERROR: Can not start: 'dstat -m --all --noheaders --noupdate 1'.
Type '--help' for usage.
java.io.IOException: Cannot run program "dstat": error=2, No such file or directory
	at java.lang.ProcessBuilder.start(ProcessBuilder.java:1048)
	at org.yardstickframework.impl.util.BenchmarkProcessLauncher.exec(BenchmarkProcessLauncher.java:59)
	at org.yardstickframework.probes.DStatProbe.start(DStatProbe.java:129)
	at org.yardstickframework.impl.BenchmarkProbeSet.start(BenchmarkProbeSet.java:130)
	at org.yardstickframework.impl.BenchmarkRunner.runBenchmark(BenchmarkRunner.java:99)
	at org.apache.geode.perftest.yardstick.YardstickTask.run(YardstickTask.java:107)
	at org.apache.geode.perftest.yardstick.YardstickTaskTest.testExecuteBenchmark(YardstickTaskTest.java:50)
	at sun.reflect.NativeMethodAccessorImpl.invoke0(Native Method)
	at sun.reflect.NativeMethodAccessorImpl.invoke(NativeMethodAccessorImpl.java:62)
	at sun.reflect.DelegatingMethodAccessorImpl.invoke(DelegatingMethodAccessorImpl.java:43)
	at java.lang.reflect.Method.invoke(Method.java:498)
	at org.junit.runners.model.FrameworkMethod$1.runReflectiveCall(FrameworkMethod.java:50)
	at org.junit.internal.runners.model.ReflectiveCallable.run(ReflectiveCallable.java:12)
	at org.junit.runners.model.FrameworkMethod.invokeExplosively(FrameworkMethod.java:47)
	at org.junit.internal.runners.statements.InvokeMethod.evaluate(InvokeMethod.java:17)
	at org.junit.rules.ExternalResource$1.evaluate(ExternalResource.java:48)
	at org.junit.rules.RunRules.evaluate(RunRules.java:20)
	at org.junit.runners.ParentRunner.runLeaf(ParentRunner.java:325)
	at org.junit.runners.BlockJUnit4ClassRunner.runChild(BlockJUnit4ClassRunner.java:78)
	at org.junit.runners.BlockJUnit4ClassRunner.runChild(BlockJUnit4ClassRunner.java:57)
	at org.junit.runners.ParentRunner$3.run(ParentRunner.java:290)
	at org.junit.runners.ParentRunner$1.schedule(ParentRunner.java:71)
	at org.junit.runners.ParentRunner.runChildren(ParentRunner.java:288)
	at org.junit.runners.ParentRunner.access$000(ParentRunner.java:58)
	at org.junit.runners.ParentRunner$2.evaluate(ParentRunner.java:268)
	at org.junit.runners.ParentRunner.run(ParentRunner.java:363)
	at org.gradle.api.internal.tasks.testing.junit.JUnitTestClassExecutor.runTestClass(JUnitTestClassExecutor.java:106)
	at org.gradle.api.internal.tasks.testing.junit.JUnitTestClassExecutor.execute(JUnitTestClassExecutor.java:58)
	at org.gradle.api.internal.tasks.testing.junit.JUnitTestClassExecutor.execute(JUnitTestClassExecutor.java:38)
	at org.gradle.api.internal.tasks.testing.junit.AbstractJUnitTestClassProcessor.processTestClass(AbstractJUnitTestClassProcessor.java:66)
	at org.gradle.api.internal.tasks.testing.SuiteTestClassProcessor.processTestClass(SuiteTestClassProcessor.java:51)
	at sun.reflect.NativeMethodAccessorImpl.invoke0(Native Method)
	at sun.reflect.NativeMethodAccessorImpl.invoke(NativeMethodAccessorImpl.java:62)
	at sun.reflect.DelegatingMethodAccessorImpl.invoke(DelegatingMethodAccessorImpl.java:43)
	at java.lang.reflect.Method.invoke(Method.java:498)
	at org.gradle.internal.dispatch.ReflectionDispatch.dispatch(ReflectionDispatch.java:35)
	at org.gradle.internal.dispatch.ReflectionDispatch.dispatch(ReflectionDispatch.java:24)
	at org.gradle.internal.dispatch.ContextClassLoaderDispatch.dispatch(ContextClassLoaderDispatch.java:32)
	at org.gradle.internal.dispatch.ProxyDispatchAdapter$DispatchingInvocationHandler.invoke(ProxyDispatchAdapter.java:93)
	at com.sun.proxy.$Proxy2.processTestClass(Unknown Source)
	at org.gradle.api.internal.tasks.testing.worker.TestWorker.processTestClass(TestWorker.java:117)
	at sun.reflect.NativeMethodAccessorImpl.invoke0(Native Method)
	at sun.reflect.NativeMethodAccessorImpl.invoke(NativeMethodAccessorImpl.java:62)
	at sun.reflect.DelegatingMethodAccessorImpl.invoke(DelegatingMethodAccessorImpl.java:43)
	at java.lang.reflect.Method.invoke(Method.java:498)
	at org.gradle.internal.dispatch.ReflectionDispatch.dispatch(ReflectionDispatch.java:35)
	at org.gradle.internal.dispatch.ReflectionDispatch.dispatch(ReflectionDispatch.java:24)
	at org.gradle.internal.remote.internal.hub.MessageHubBackedObjectConnection$DispatchWrapper.dispatch(MessageHubBackedObjectConnection.java:155)
	at org.gradle.internal.remote.internal.hub.MessageHubBackedObjectConnection$DispatchWrapper.dispatch(MessageHubBackedObjectConnection.java:137)
	at org.gradle.internal.remote.internal.hub.MessageHub$Handler.run(MessageHub.java:404)
	at org.gradle.internal.concurrent.ExecutorPolicy$CatchAndRecordFailures.onExecute(ExecutorPolicy.java:63)
	at org.gradle.internal.concurrent.ManagedExecutorImpl$1.run(ManagedExecutorImpl.java:46)
	at java.util.concurrent.ThreadPoolExecutor.runWorker(ThreadPoolExecutor.java:1149)
	at java.util.concurrent.ThreadPoolExecutor$Worker.run(ThreadPoolExecutor.java:624)
	at org.gradle.internal.concurrent.ThreadFactoryImpl$ManagedThreadRunnable.run(ThreadFactoryImpl.java:55)
	at java.lang.Thread.run(Thread.java:748)
Caused by: java.io.IOException: error=2, No such file or directory
	at java.lang.UNIXProcess.forkAndExec(Native Method)
	at java.lang.UNIXProcess.<init>(UNIXProcess.java:247)
	at java.lang.ProcessImpl.start(ProcessImpl.java:134)
	at java.lang.ProcessBuilder.start(ProcessBuilder.java:1029)
	... 55 more
ERROR: Can not start: 'vmstat -n 1'
Type '--help' for usage.
java.io.IOException: Cannot run program "vmstat": error=2, No such file or directory
	at java.lang.ProcessBuilder.start(ProcessBuilder.java:1048)
	at org.yardstickframework.impl.util.BenchmarkProcessLauncher.exec(BenchmarkProcessLauncher.java:59)
	at org.yardstickframework.probes.VmStatProbe.start(VmStatProbe.java:123)
	at org.yardstickframework.impl.BenchmarkProbeSet.start(BenchmarkProbeSet.java:130)
	at org.yardstickframework.impl.BenchmarkRunner.runBenchmark(BenchmarkRunner.java:99)
	at org.apache.geode.perftest.yardstick.YardstickTask.run(YardstickTask.java:107)
	at org.apache.geode.perftest.yardstick.YardstickTaskTest.testExecuteBenchmark(YardstickTaskTest.java:50)
	at sun.reflect.NativeMethodAccessorImpl.invoke0(Native Method)
	at sun.reflect.NativeMethodAccessorImpl.invoke(NativeMethodAccessorImpl.java:62)
	at sun.reflect.DelegatingMethodAccessorImpl.invoke(DelegatingMethodAccessorImpl.java:43)
	at java.lang.reflect.Method.invoke(Method.java:498)
	at org.junit.runners.model.FrameworkMethod$1.runReflectiveCall(FrameworkMethod.java:50)
	at org.junit.internal.runners.model.ReflectiveCallable.run(ReflectiveCallable.java:12)
	at org.junit.runners.model.FrameworkMethod.invokeExplosively(FrameworkMethod.java:47)
	at org.junit.internal.runners.statements.InvokeMethod.evaluate(InvokeMethod.java:17)
	at org.junit.rules.ExternalResource$1.evaluate(ExternalResource.java:48)
	at org.junit.rules.RunRules.evaluate(RunRules.java:20)
	at org.junit.runners.ParentRunner.runLeaf(ParentRunner.java:325)
	at org.junit.runners.BlockJUnit4ClassRunner.runChild(BlockJUnit4ClassRunner.java:78)
	at org.junit.runners.BlockJUnit4ClassRunner.runChild(BlockJUnit4ClassRunner.java:57)
	at org.junit.runners.ParentRunner$3.run(ParentRunner.java:290)
	at org.junit.runners.ParentRunner$1.schedule(ParentRunner.java:71)
	at org.junit.runners.ParentRunner.runChildren(ParentRunner.java:288)
	at org.junit.runners.ParentRunner.access$000(ParentRunner.java:58)
	at org.junit.runners.ParentRunner$2.evaluate(ParentRunner.java:268)
	at org.junit.runners.ParentRunner.run(ParentRunner.java:363)
	at org.gradle.api.internal.tasks.testing.junit.JUnitTestClassExecutor.runTestClass(JUnitTestClassExecutor.java:106)
	at org.gradle.api.internal.tasks.testing.junit.JUnitTestClassExecutor.execute(JUnitTestClassExecutor.java:58)
	at org.gradle.api.internal.tasks.testing.junit.JUnitTestClassExecutor.execute(JUnitTestClassExecutor.java:38)
	at org.gradle.api.internal.tasks.testing.junit.AbstractJUnitTestClassProcessor.processTestClass(AbstractJUnitTestClassProcessor.java:66)
	at org.gradle.api.internal.tasks.testing.SuiteTestClassProcessor.processTestClass(SuiteTestClassProcessor.java:51)
	at sun.reflect.NativeMethodAccessorImpl.invoke0(Native Method)
	at sun.reflect.NativeMethodAccessorImpl.invoke(NativeMethodAccessorImpl.java:62)
	at sun.reflect.DelegatingMethodAccessorImpl.invoke(DelegatingMethodAccessorImpl.java:43)
	at java.lang.reflect.Method.invoke(Method.java:498)
	at org.gradle.internal.dispatch.ReflectionDispatch.dispatch(ReflectionDispatch.java:35)
	at org.gradle.internal.dispatch.ReflectionDispatch.dispatch(ReflectionDispatch.java:24)
	at org.gradle.internal.dispatch.ContextClassLoaderDispatch.dispatch(ContextClassLoaderDispatch.java:32)
	at org.gradle.internal.dispatch.ProxyDispatchAdapter$DispatchingInvocationHandler.invoke(ProxyDispatchAdapter.java:93)
	at com.sun.proxy.$Proxy2.processTestClass(Unknown Source)
	at org.gradle.api.internal.tasks.testing.worker.TestWorker.processTestClass(TestWorker.java:117)
	at sun.reflect.NativeMethodAccessorImpl.invoke0(Native Method)
	at sun.reflect.NativeMethodAccessorImpl.invoke(NativeMethodAccessorImpl.java:62)
	at sun.reflect.DelegatingMethodAccessorImpl.invoke(DelegatingMethodAccessorImpl.java:43)
	at java.lang.reflect.Method.invoke(Method.java:498)
	at org.gradle.internal.dispatch.ReflectionDispatch.dispatch(ReflectionDispatch.java:35)
	at org.gradle.internal.dispatch.ReflectionDispatch.dispatch(ReflectionDispatch.java:24)
	at org.gradle.internal.remote.internal.hub.MessageHubBackedObjectConnection$DispatchWrapper.dispatch(MessageHubBackedObjectConnection.java:155)
	at org.gradle.internal.remote.internal.hub.MessageHubBackedObjectConnection$DispatchWrapper.dispatch(MessageHubBackedObjectConnection.java:137)
	at org.gradle.internal.remote.internal.hub.MessageHub$Handler.run(MessageHub.java:404)
	at org.gradle.internal.concurrent.ExecutorPolicy$CatchAndRecordFailures.onExecute(ExecutorPolicy.java:63)
	at org.gradle.internal.concurrent.ManagedExecutorImpl$1.run(ManagedExecutorImpl.java:46)
	at java.util.concurrent.ThreadPoolExecutor.runWorker(ThreadPoolExecutor.java:1149)
	at java.util.concurrent.ThreadPoolExecutor$Worker.run(ThreadPoolExecutor.java:624)
	at org.gradle.internal.concurrent.ThreadFactoryImpl$ManagedThreadRunnable.run(ThreadFactoryImpl.java:55)
	at java.lang.Thread.run(Thread.java:748)
Caused by: java.io.IOException: error=2, No such file or directory
	at java.lang.UNIXProcess.forkAndExec(Native Method)
	at java.lang.UNIXProcess.<init>(UNIXProcess.java:247)
	at java.lang.ProcessImpl.start(ProcessImpl.java:134)
	at java.lang.ProcessBuilder.start(ProcessBuilder.java:1029)
	... 55 more
]]></system-err>
</testsuite>
